<?xml version="1.0" encoding="UTF-8"?>
<testsuite name="PigLatinTranslatorTest" tests="22" skipped="16" failures="0" errors="0" timestamp="2019-04-03T21:32:12" hostname="AGOLDWATER-CHI-ML" time="0.015">
  <properties/>
  <testcase name="testYtTreatedLikeAConsonantAtTheBeginningOfAWord" classname="PigLatinTranslatorTest" time="0.0">
    <skipped/>
  </testcase>
  <testcase name="testYAsSecondLetterInTwoLetterWord" classname="PigLatinTranslatorTest" time="0.0">
    <skipped/>
  </testcase>
  <testcase name="testAWholePhrase" classname="PigLatinTranslatorTest" time="0.0">
    <skipped/>
  </testcase>
  <testcase name="testWordBeginningWithQWithoutAFollowingU" classname="PigLatinTranslatorTest" time="0.001">
    <skipped/>
  </testcase>
  <testcase name="testWordBeginningWithA" classname="PigLatinTranslatorTest" time="0.004"/>
  <testcase name="testWordBeginningWithE" classname="PigLatinTranslatorTest" time="0.0"/>
  <testcase name="testWordBeginningWithI" classname="PigLatinTranslatorTest" time="0.001"/>
  <testcase name="testWordBeginningWithK" classname="PigLatinTranslatorTest" time="0.0">
    <skipped/>
  </testcase>
  <testcase name="testWordBeginningWithO" classname="PigLatinTranslatorTest" time="0.001"/>
  <testcase name="testWordBeginningWithP" classname="PigLatinTranslatorTest" time="0.0">
    <skipped/>
  </testcase>
  <testcase name="testWordBeginningWithU" classname="PigLatinTranslatorTest" time="0.0"/>
  <testcase name="testWordBeginningWithX" classname="PigLatinTranslatorTest" time="0.0">
    <skipped/>
  </testcase>
  <testcase name="testYTreatedLikeAConsonantAtTheBeginningOfAWord" classname="PigLatinTranslatorTest" time="0.0">
    <skipped/>
  </testcase>
  <testcase name="testQuAndAPrecedingConsonantTreatedLikeAConsonantAtTheBeginningOfAWord" classname="PigLatinTranslatorTest" time="0.0">
    <skipped/>
  </testcase>
  <testcase name="testWordBeginningWithVowelAndFollowedByQu" classname="PigLatinTranslatorTest" time="0.001"/>
  <testcase name="testThTreatedLikeAConsonantAtTheBeginningOfAWord" classname="PigLatinTranslatorTest" time="0.001">
    <skipped/>
  </testcase>
  <testcase name="testXrTreatedLikeAConsonantAtTheBeginningOfAWord" classname="PigLatinTranslatorTest" time="0.0">
    <skipped/>
  </testcase>
  <testcase name="testSchTreatedLikeAConsonantAtTheBeginningOfAWord" classname="PigLatinTranslatorTest" time="0.0">
    <skipped/>
  </testcase>
  <testcase name="testChTreatedLikeAConsonantAtTheBeginningOfAWord" classname="PigLatinTranslatorTest" time="0.0">
    <skipped/>
  </testcase>
  <testcase name="testYTreatedLikeAVowelAtTheEndOfAConsonantCluster" classname="PigLatinTranslatorTest" time="0.0">
    <skipped/>
  </testcase>
  <testcase name="testQuTreatedLikeAConsonantAtTheBeginningOfAWord" classname="PigLatinTranslatorTest" time="0.0">
    <skipped/>
  </testcase>
  <testcase name="testThrTreatedLikeAConsonantAtTheBeginningOfAWord" classname="PigLatinTranslatorTest" time="0.0">
    <skipped/>
  </testcase>
  <system-out><![CDATA[aeioue]]></system-out>
  <system-err><![CDATA[]]></system-err>
</testsuite>
